{
  "0 debug pnpm:scope": {
    "selected": 1
  },
  "1 debug pnpm:package-manifest": {
    "initial": {
      "scripts": {
        "lint": "pnpm prettier --check .",
        "lint:fix": "pnpm prettier --write .",
        "typechain": "pnpm hardhat typechain",
        "deploy:rinkeby": "cross-env NODE_ENV=testNet && hardhat run scripts/deploy.ts --network rinkeby",
        "deploy:hardhat": "cross-env NODE_ENV=hardhat && hardhat run scripts/deploy.ts",
        "deploy:mocks": "cross-env NODE_ENV=hardhat && pnpm hardhat deploy --tags mocks",
        "ci:clean": "rm -rf ./artifacts ./cache .;types"
      },
      "devDependencies": {
        "@chainlink/contracts": "^0.4.1",
        "@nomiclabs/hardhat-ethers": "npm:hardhat-deploy-ethers ethers",
        "@nomiclabs/hardhat-etherscan": "^3.1.0",
        "@nomiclabs/hardhat-waffle": "^2.0.3",
        "@typechain/ethers-v5": "^10.1.0",
        "@typechain/hardhat": "^6.1.2",
        "@types/chai": "^4.3.1",
        "@types/mocha": "^9.1.1",
        "@types/node": "^18.0.0",
        "chai": "^4.3.6",
        "cross-env": "^7.0.3",
        "dotenv": "^16.0.1",
        "ethereum-waffle": "^3.4.4",
        "ethers": "^5.0.0",
        "hardhat": "^2.9.9",
        "hardhat-deploy": "^0.11.11",
        "hardhat-gas-reporter": "^1.0.8",
        "prettier-plugin-solidity": "1.0.0-beta.19",
        "solidity-coverage": "^0.7.21",
        "ts-node": "^10.8.1",
        "typechain": "^8.1.0",
        "typescript": "^4.7.4"
      }
    },
    "prefix": "D:\\Projects\\block-chain\\hardhat-fund-me"
  },
  "2 debug pnpm:context": {
    "currentLockfileExists": false,
    "storeDir": "D:\\.pnpm-store\\v3",
    "virtualStoreDir": "D:\\Projects\\block-chain\\hardhat-fund-me\\node_modules\\.pnpm"
  },
  "3 debug pnpm:stage": {
    "prefix": "D:\\Projects\\block-chain\\hardhat-fund-me",
    "stage": "resolution_started"
  },
  "4 debug pnpm:_dependency_resolved": {
    "resolution": "registry.npmjs.org/dotenv/16.0.1",
    "wanted": {
      "dependentId": ".",
      "name": "dotenv",
      "rawSpec": "^16.0.1"
    }
  },
  "5 debug pnpm:progress": {
    "packageId": "registry.npmjs.org/dotenv/16.0.1",
    "requester": "D:\\Projects\\block-chain\\hardhat-fund-me",
    "status": "resolved"
  },
  "6 debug pnpm:_dependency_resolved": {
    "resolution": "registry.npmjs.org/@types/chai/4.3.1",
    "wanted": {
      "dependentId": ".",
      "name": "@types/chai",
      "rawSpec": "^4.3.1"
    }
  },
  "7 debug pnpm:progress": {
    "packageId": "registry.npmjs.org/@types/chai/4.3.1",
    "requester": "D:\\Projects\\block-chain\\hardhat-fund-me",
    "status": "resolved"
  },
  "8 debug pnpm:_dependency_resolved": {
    "resolution": "registry.npmjs.org/cross-env/7.0.3",
    "wanted": {
      "dependentId": ".",
      "name": "cross-env",
      "rawSpec": "^7.0.3"
    }
  },
  "9 debug pnpm:progress": {
    "packageId": "registry.npmjs.org/cross-env/7.0.3",
    "requester": "D:\\Projects\\block-chain\\hardhat-fund-me",
    "status": "resolved"
  },
  "10 debug pnpm:_dependency_resolved": {
    "resolution": "registry.npmjs.org/chai/4.3.6",
    "wanted": {
      "dependentId": ".",
      "name": "chai",
      "rawSpec": "^4.3.6"
    }
  },
  "11 debug pnpm:progress": {
    "packageId": "registry.npmjs.org/chai/4.3.6",
    "requester": "D:\\Projects\\block-chain\\hardhat-fund-me",
    "status": "resolved"
  },
  "12 debug pnpm:_dependency_resolved": {
    "resolution": "registry.npmjs.org/prettier-plugin-solidity/1.0.0-beta.19",
    "wanted": {
      "dependentId": ".",
      "name": "prettier-plugin-solidity",
      "rawSpec": "1.0.0-beta.19"
    }
  },
  "13 debug pnpm:progress": {
    "packageId": "registry.npmjs.org/prettier-plugin-solidity/1.0.0-beta.19",
    "requester": "D:\\Projects\\block-chain\\hardhat-fund-me",
    "status": "resolved"
  },
  "14 debug pnpm:progress": {
    "packageId": "registry.npmjs.org/dotenv/16.0.1",
    "requester": "D:\\Projects\\block-chain\\hardhat-fund-me",
    "status": "found_in_store"
  },
  "15 debug pnpm:progress": {
    "packageId": "registry.npmjs.org/@types/chai/4.3.1",
    "requester": "D:\\Projects\\block-chain\\hardhat-fund-me",
    "status": "found_in_store"
  },
  "16 debug pnpm:progress": {
    "packageId": "registry.npmjs.org/chai/4.3.6",
    "requester": "D:\\Projects\\block-chain\\hardhat-fund-me",
    "status": "found_in_store"
  },
  "17 debug pnpm:progress": {
    "packageId": "registry.npmjs.org/cross-env/7.0.3",
    "requester": "D:\\Projects\\block-chain\\hardhat-fund-me",
    "status": "found_in_store"
  },
  "18 debug pnpm:_dependency_resolved": {
    "resolution": "registry.npmjs.org/@types/mocha/9.1.1",
    "wanted": {
      "dependentId": ".",
      "name": "@types/mocha",
      "rawSpec": "^9.1.1"
    }
  },
  "19 debug pnpm:progress": {
    "packageId": "registry.npmjs.org/@types/mocha/9.1.1",
    "requester": "D:\\Projects\\block-chain\\hardhat-fund-me",
    "status": "resolved"
  },
  "20 debug pnpm:_dependency_resolved": {
    "resolution": "registry.npmjs.org/@types/node/18.0.0",
    "wanted": {
      "dependentId": ".",
      "name": "@types/node",
      "rawSpec": "^18.0.0"
    }
  },
  "21 debug pnpm:progress": {
    "packageId": "registry.npmjs.org/@types/node/18.0.0",
    "requester": "D:\\Projects\\block-chain\\hardhat-fund-me",
    "status": "resolved"
  },
  "22 debug pnpm:progress": {
    "packageId": "registry.npmjs.org/prettier-plugin-solidity/1.0.0-beta.19",
    "requester": "D:\\Projects\\block-chain\\hardhat-fund-me",
    "status": "found_in_store"
  },
  "23 debug pnpm:_dependency_resolved": {
    "resolution": "registry.npmjs.org/ts-node/10.8.2",
    "wanted": {
      "dependentId": ".",
      "name": "ts-node",
      "rawSpec": "^10.8.1"
    }
  },
  "24 debug pnpm:progress": {
    "packageId": "registry.npmjs.org/ts-node/10.8.2",
    "requester": "D:\\Projects\\block-chain\\hardhat-fund-me",
    "status": "resolved"
  },
  "25 debug pnpm:progress": {
    "packageId": "registry.npmjs.org/@types/mocha/9.1.1",
    "requester": "D:\\Projects\\block-chain\\hardhat-fund-me",
    "status": "found_in_store"
  },
  "26 debug pnpm:progress": {
    "packageId": "registry.npmjs.org/@types/node/18.0.0",
    "requester": "D:\\Projects\\block-chain\\hardhat-fund-me",
    "status": "found_in_store"
  },
  "27 debug pnpm:progress": {
    "packageId": "registry.npmjs.org/ts-node/10.8.2",
    "requester": "D:\\Projects\\block-chain\\hardhat-fund-me",
    "status": "found_in_store"
  },
  "28 debug pnpm:_dependency_resolved": {
    "resolution": "registry.npmjs.org/hardhat-deploy/0.11.11",
    "wanted": {
      "dependentId": ".",
      "name": "hardhat-deploy",
      "rawSpec": "^0.11.11"
    }
  },
  "29 debug pnpm:progress": {
    "packageId": "registry.npmjs.org/hardhat-deploy/0.11.11",
    "requester": "D:\\Projects\\block-chain\\hardhat-fund-me",
    "status": "resolved"
  },
  "30 debug pnpm:_dependency_resolved": {
    "resolution": "registry.npmjs.org/ethers/5.6.9",
    "wanted": {
      "dependentId": ".",
      "name": "ethers",
      "rawSpec": "^5.0.0"
    }
  },
  "31 debug pnpm:progress": {
    "packageId": "registry.npmjs.org/ethers/5.6.9",
    "requester": "D:\\Projects\\block-chain\\hardhat-fund-me",
    "status": "resolved"
  },
  "32 debug pnpm:progress": {
    "packageId": "registry.npmjs.org/hardhat-deploy/0.11.11",
    "requester": "D:\\Projects\\block-chain\\hardhat-fund-me",
    "status": "found_in_store"
  },
  "33 debug pnpm:progress": {
    "packageId": "registry.npmjs.org/ethers/5.6.9",
    "requester": "D:\\Projects\\block-chain\\hardhat-fund-me",
    "status": "found_in_store"
  },
  "34 debug pnpm:_dependency_resolved": {
    "resolution": "registry.npmjs.org/typechain/8.1.0",
    "wanted": {
      "dependentId": ".",
      "name": "typechain",
      "rawSpec": "^8.1.0"
    }
  },
  "35 debug pnpm:progress": {
    "packageId": "registry.npmjs.org/typechain/8.1.0",
    "requester": "D:\\Projects\\block-chain\\hardhat-fund-me",
    "status": "resolved"
  },
  "36 debug pnpm:progress": {
    "packageId": "registry.npmjs.org/typechain/8.1.0",
    "requester": "D:\\Projects\\block-chain\\hardhat-fund-me",
    "status": "found_in_store"
  },
  "37 error pnpm": {
    "code": "ERR_PNPM_FETCH_404",
    "hint": "hardhat-deploy-ethers ethers is not in the npm registry, or you have no permission to fetch it.\n\nAn authorization header was used: Bearer 0e9c[hidden]",
    "request": {
      "authHeaderValue": "Bearer 0e9c82d4-f362-4086-a5f0-eb1ad3e1f8f1",
      "url": "http://registry.npmjs.org/hardhat-deploy-ethers%20ethers"
    },
    "response": {
      "size": 0
    },
    "pkgName": "hardhat-deploy-ethers ethers",
    "spec": {
      "fetchSpec": "latest",
      "name": "hardhat-deploy-ethers ethers",
      "type": "tag"
    },
    "pkgsStack": [],
    "err": {
      "name": "pnpm",
      "message": "GET http://registry.npmjs.org/hardhat-deploy-ethers%20ethers: Not Found - 404",
      "code": "ERR_PNPM_FETCH_404",
      "stack": "pnpm: GET http://registry.npmjs.org/hardhat-deploy-ethers%20ethers: Not Found - 404\n    at RetryOperation._fn (C:\\Users\\saikr\\AppData\\Local\\pnpm\\global\\5\\.pnpm\\pnpm@7.4.0\\node_modules\\pnpm\\dist\\pnpm.cjs:85618:19)\n    at runMicrotasks (<anonymous>)\n    at processTicksAndRejections (node:internal/process/task_queues:96:5)"
    }
  }
}